<?xml version="1.0" encoding="UTF-8"?>
<testsuite xmlns:xsi="http://www.w3.org/2001/XMLSchema-instance" xsi:noNamespaceSchemaLocation="https://maven.apache.org/surefire/maven-surefire-plugin/xsd/surefire-test-report.xsd" name="Test_Setting_Name_LastName_Email" time="69.283" tests="4" errors="0" skipped="0" failures="0">
  <properties>
[...]
</properties>
  <testcase name="setLastName" classname="Test_Setting_Name_LastName_Email" time="32.568"/>
  <testcase name="setName" classname="Test_Setting_Name_LastName_Email" time="0"/>
  <testcase name="check_female_radio_button" classname="Test_Gender_Selection" time="0.867"/>
  <testcase name="setEmail" classname="Test_Setting_Name_LastName_Email" time="33.337"/>
</testsuite>